Base path: C:/Program Files/Unity/Editor/Data
Pipe name: \\.\pipe\UnityShaderCompiler-64bit-1-4312
Cmd: getPlatforms
Cmd: compileSnippet
  api=4 type=0 insize=13030 outsize=11024 kw=UNITY_COLORSPACE_GAMMA _SUNDISK_SIMPLE pd= ok=1
Cmd: compileSnippet
  api=4 type=1 insize=13030 outsize=1899 kw=UNITY_COLORSPACE_GAMMA _SUNDISK_SIMPLE pd= ok=1
Cmd: compileSnippet
  api=4 type=0 insize=751 outsize=3533 kw=SHADOWS_DEPTH pd= ok=1
Cmd: compileSnippet
  api=4 type=1 insize=751 outsize=380 kw=SHADOWS_DEPTH pd= ok=1
Cmd: compileSnippet
  api=4 type=0 insize=982 outsize=3979 kw=DIRECTIONAL SHADOWS_OFF LIGHTMAP_OFF DIRLIGHTMAP_OFF DYNAMICLIGHTMAP_OFF pd= ok=1
Cmd: compileSnippet
  api=4 type=1 insize=982 outsize=10618 kw=DIRECTIONAL SHADOWS_OFF LIGHTMAP_OFF DIRLIGHTMAP_OFF DYNAMICLIGHTMAP_OFF pd= ok=1
Cmd: compileSnippet
  api=4 type=0 insize=938 outsize=4101 kw=DIRECTIONAL SHADOWS_OFF pd= ok=1
Cmd: compileSnippet
  api=4 type=1 insize=938 outsize=5515 kw=DIRECTIONAL SHADOWS_OFF pd= ok=1
Cmd: compileSnippet
  api=4 type=0 insize=751 outsize=3776 kw=SHADOWS_DEPTH _ALPHAPREMULTIPLY_ON pd= ok=1
Cmd: compileSnippet
  api=4 type=1 insize=751 outsize=1233 kw=SHADOWS_DEPTH _ALPHAPREMULTIPLY_ON pd= ok=1
Cmd: compileSnippet
  api=4 type=0 insize=982 outsize=3979 kw=DIRECTIONAL SHADOWS_OFF LIGHTMAP_OFF DIRLIGHTMAP_OFF DYNAMICLIGHTMAP_OFF _ALPHAPREMULTIPLY_ON pd= ok=1
Cmd: compileSnippet
  api=4 type=1 insize=982 outsize=10650 kw=DIRECTIONAL SHADOWS_OFF LIGHTMAP_OFF DIRLIGHTMAP_OFF DYNAMICLIGHTMAP_OFF _ALPHAPREMULTIPLY_ON pd= ok=1
Cmd: compileSnippet
  api=4 type=0 insize=938 outsize=4101 kw=DIRECTIONAL SHADOWS_OFF _ALPHAPREMULTIPLY_ON pd= ok=1
Cmd: compileSnippet
  api=4 type=1 insize=938 outsize=5669 kw=DIRECTIONAL SHADOWS_OFF _ALPHAPREMULTIPLY_ON pd= ok=1
Cmd: compileSnippet
  api=4 type=0 insize=982 outsize=4337 kw=DIRECTIONAL SHADOWS_SCREEN LIGHTMAP_OFF DIRLIGHTMAP_OFF DYNAMICLIGHTMAP_OFF pd= ok=1
Cmd: compileSnippet
  api=4 type=1 insize=982 outsize=10926 kw=DIRECTIONAL SHADOWS_SCREEN LIGHTMAP_OFF DIRLIGHTMAP_OFF DYNAMICLIGHTMAP_OFF pd= ok=1
Cmd: compileSnippet
  api=4 type=0 insize=990 outsize=1087 kw= pd= ok=1
Cmd: compileSnippet
  api=4 type=1 insize=990 outsize=713 kw= pd= ok=1
Cmd: compileSnippet
  api=4 type=0 insize=1705 outsize=1290 kw=SOFTPARTICLES_OFF pd= ok=1
Cmd: compileSnippet
  api=4 type=1 insize=1705 outsize=924 kw=SOFTPARTICLES_OFF pd= ok=1
Cmd: compileSnippet
  api=4 type=0 insize=1642 outsize=1290 kw=SOFTPARTICLES_OFF pd= ok=1
Cmd: compileSnippet
  api=4 type=1 insize=1642 outsize=924 kw=SOFTPARTICLES_OFF pd= ok=1
Cmd: compileSnippet
  api=4 type=0 insize=1706 outsize=1290 kw=SOFTPARTICLES_OFF pd= ok=1
Cmd: compileSnippet
  api=4 type=1 insize=1706 outsize=868 kw=SOFTPARTICLES_OFF pd= ok=1
Cmd: compileSnippet
  api=4 type=0 insize=1482 outsize=1290 kw=SOFTPARTICLES_OFF pd= ok=1
Cmd: compileSnippet
  api=4 type=1 insize=1482 outsize=827 kw=SOFTPARTICLES_OFF pd= ok=1
Cmd: compileSnippet
  api=4 type=0 insize=1738 outsize=1290 kw=SOFTPARTICLES_OFF pd= ok=1
Cmd: compileSnippet
  api=4 type=1 insize=1738 outsize=965 kw=SOFTPARTICLES_OFF pd= ok=1
Cmd: compileSnippet
  api=4 type=0 insize=1827 outsize=1290 kw=SOFTPARTICLES_OFF pd= ok=1
Cmd: compileSnippet
  api=4 type=1 insize=1827 outsize=989 kw=SOFTPARTICLES_OFF pd= ok=1
Cmd: compileSnippet
  api=4 type=0 insize=3985 outsize=2679 kw= pd= ok=1
Cmd: compileSnippet
  api=4 type=1 insize=3985 outsize=770 kw= pd= ok=1
Cmd: compileSnippet
  api=4 type=0 insize=1420 outsize=1379 kw= pd= ok=1
Cmd: compileSnippet
  api=4 type=1 insize=1420 outsize=1704 kw= pd= ok=1
Cmd: compileSnippet
  api=0 type=0 insize=982 outsize=10586 kw=DIRECTIONAL SHADOWS_SCREEN LIGHTMAP_OFF DIRLIGHTMAP_OFF DYNAMICLIGHTMAP_OFF pd= ok=1
Cmd: compileSnippet
  api=1 type=0 insize=982 outsize=1485 kw=DIRECTIONAL SHADOWS_SCREEN LIGHTMAP_OFF DIRLIGHTMAP_OFF DYNAMICLIGHTMAP_OFF VERTEXLIGHT_ON pd= ok=1
Cmd: compileSnippet
  api=1 type=0 insize=982 outsize=842 kw=DIRECTIONAL SHADOWS_OFF LIGHTMAP_OFF DIRLIGHTMAP_OFF DYNAMICLIGHTMAP_OFF _ALPHAPREMULTIPLY_ON pd= ok=1
Cmd: compileSnippet
  api=1 type=0 insize=982 outsize=991 kw=DIRECTIONAL SHADOWS_SCREEN LIGHTMAP_OFF DIRLIGHTMAP_OFF DYNAMICLIGHTMAP_OFF _ALPHAPREMULTIPLY_ON pd= ok=1
Cmd: compileSnippet
  api=4 type=0 insize=982 outsize=4337 kw=DIRECTIONAL SHADOWS_SCREEN LIGHTMAP_OFF DIRLIGHTMAP_OFF DYNAMICLIGHTMAP_OFF _ALPHAPREMULTIPLY_ON pd= ok=1
Cmd: compileSnippet
  api=0 type=0 insize=982 outsize=12085 kw=DIRECTIONAL SHADOWS_SCREEN LIGHTMAP_OFF DIRLIGHTMAP_OFF DYNAMICLIGHTMAP_OFF VERTEXLIGHT_ON _ALPHAPREMULTIPLY_ON pd= ok=1
Cmd: compileSnippet
  api=0 type=1 insize=982 outsize=6 kw=DIRECTIONAL SHADOWS_OFF LIGHTMAP_OFF DIRLIGHTMAP_OFF DYNAMICLIGHTMAP_OFF pd= ok=1
Cmd: compileSnippet
  api=1 type=1 insize=982 outsize=3772 kw=DIRECTIONAL SHADOWS_OFF LIGHTMAP_OFF DIRLIGHTMAP_OFF DYNAMICLIGHTMAP_OFF _ALPHAPREMULTIPLY_ON pd= ok=1
Cmd: compileSnippet
  api=0 type=0 insize=938 outsize=5777 kw=DIRECTIONAL SHADOWS_OFF pd= ok=1
Cmd: compileSnippet
  api=4 type=0 insize=938 outsize=4792 kw=SPOT SHADOWS_OFF pd= ok=1
Cmd: compileSnippet
  api=4 type=0 insize=938 outsize=4792 kw=POINT_COOKIE SHADOWS_OFF pd= ok=1
Cmd: compileSnippet
  api=4 type=0 insize=938 outsize=4792 kw=DIRECTIONAL_COOKIE SHADOWS_OFF pd= ok=1
Cmd: compileSnippet
  api=0 type=0 insize=938 outsize=6245 kw=DIRECTIONAL SHADOWS_SCREEN pd= ok=1
Cmd: compileSnippet
  api=4 type=0 insize=938 outsize=5149 kw=DIRECTIONAL_COOKIE SHADOWS_SCREEN pd= ok=1
Cmd: compileSnippet
  api=4 type=0 insize=938 outsize=4938 kw=POINT SHADOWS_CUBE pd= ok=1
Cmd: compileSnippet
  api=4 type=0 insize=938 outsize=4938 kw=POINT_COOKIE SHADOWS_CUBE pd= ok=1
Cmd: compileSnippet
  api=4 type=0 insize=938 outsize=5206 kw=SPOT SHADOWS_DEPTH SHADOWS_SOFT SHADOWS_NATIVE pd= ok=1
Cmd: compileSnippet
  api=1 type=0 insize=938 outsize=965 kw=POINT_COOKIE SHADOWS_CUBE SHADOWS_SOFT pd= ok=1
Cmd: compileSnippet
  api=4 type=0 insize=938 outsize=4938 kw=POINT_COOKIE SHADOWS_CUBE SHADOWS_SOFT pd= ok=1
Cmd: compileSnippet
  api=4 type=0 insize=938 outsize=4792 kw=POINT SHADOWS_OFF _ALPHAPREMULTIPLY_ON pd= ok=1
Cmd: compileSnippet
  api=4 type=0 insize=938 outsize=4792 kw=SPOT SHADOWS_OFF _ALPHAPREMULTIPLY_ON pd= ok=1
Cmd: compileSnippet
  api=1 type=0 insize=938 outsize=923 kw=POINT_COOKIE SHADOWS_OFF _ALPHAPREMULTIPLY_ON pd= ok=1
Cmd: compileSnippet
  api=0 type=0 insize=938 outsize=6251 kw=DIRECTIONAL_COOKIE SHADOWS_OFF _ALPHAPREMULTIPLY_ON pd= ok=1
Cmd: compileSnippet
  api=0 type=0 insize=938 outsize=6448 kw=DIRECTIONAL SHADOWS_SCREEN _ALPHAPREMULTIPLY_ON pd= ok=1
Cmd: compileSnippet
  api=0 type=0 insize=938 outsize=7182 kw=POINT SHADOWS_CUBE _ALPHAPREMULTIPLY_ON pd= ok=1
Cmd: compileSnippet
  api=0 type=0 insize=938 outsize=7369 kw=SPOT SHADOWS_DEPTH SHADOWS_SOFT SHADOWS_NATIVE _ALPHAPREMULTIPLY_ON pd= ok=1
Cmd: compileSnippet
  api=0 type=0 insize=938 outsize=8255 kw=POINT_COOKIE SHADOWS_CUBE SHADOWS_SOFT _ALPHAPREMULTIPLY_ON pd= ok=1
Cmd: compileSnippet
  api=0 type=1 insize=938 outsize=6 kw=POINT SHADOWS_OFF pd= ok=1
Cmd: compileSnippet
  api=1 type=1 insize=938 outsize=2070 kw=DIRECTIONAL SHADOWS_OFF pd= ok=1
Cmd: compileSnippet
  api=4 type=1 insize=938 outsize=6149 kw=POINT_COOKIE SHADOWS_OFF pd= ok=1
Cmd: compileSnippet
  api=0 type=1 insize=938 outsize=6 kw=SPOT SHADOWS_DEPTH SHADOWS_NATIVE pd= ok=1
Cmd: compileSnippet
  api=4 type=1 insize=938 outsize=7051 kw=SPOT SHADOWS_DEPTH SHADOWS_NATIVE pd= ok=1
Cmd: compileSnippet
  api=1 type=1 insize=938 outsize=2208 kw=DIRECTIONAL_COOKIE SHADOWS_SCREEN pd= ok=1
Cmd: compileSnippet
  api=0 type=1 insize=938 outsize=6 kw=POINT_COOKIE SHADOWS_CUBE pd= ok=1
Cmd: compileSnippet
  api=1 type=1 insize=938 outsize=2412 kw=POINT_COOKIE SHADOWS_CUBE pd= ok=1
Cmd: compileSnippet
  api=0 type=1 insize=938 outsize=6 kw=POINT SHADOWS_CUBE SHADOWS_SOFT pd= ok=1
Cmd: compileSnippet
  api=1 type=1 insize=938 outsize=2623 kw=POINT SHADOWS_CUBE SHADOWS_SOFT pd= ok=1
Cmd: compileSnippet
  api=0 type=1 insize=938 outsize=6 kw=POINT SHADOWS_OFF _ALPHAPREMULTIPLY_ON pd= ok=1
Cmd: compileSnippet
  api=0 type=1 insize=938 outsize=6 kw=DIRECTIONAL SHADOWS_OFF _ALPHAPREMULTIPLY_ON pd= ok=1
Cmd: compileSnippet
  api=0 type=1 insize=938 outsize=6 kw=SPOT SHADOWS_OFF _ALPHAPREMULTIPLY_ON pd= ok=1
Cmd: compileSnippet
  api=1 type=1 insize=938 outsize=2358 kw=SPOT SHADOWS_OFF _ALPHAPREMULTIPLY_ON pd= ok=1
Cmd: compileSnippet
  api=0 type=1 insize=938 outsize=6 kw=DIRECTIONAL_COOKIE SHADOWS_OFF _ALPHAPREMULTIPLY_ON pd= ok=1
Cmd: compileSnippet
  api=4 type=1 insize=938 outsize=5921 kw=DIRECTIONAL_COOKIE SHADOWS_OFF _ALPHAPREMULTIPLY_ON pd= ok=1
Cmd: compileSnippet
  api=0 type=1 insize=938 outsize=6 kw=DIRECTIONAL SHADOWS_SCREEN _ALPHAPREMULTIPLY_ON pd= ok=1
Cmd: compileSnippet
  api=4 type=1 insize=938 outsize=5978 kw=DIRECTIONAL SHADOWS_SCREEN _ALPHAPREMULTIPLY_ON pd= ok=1
Cmd: compileSnippet
  api=1 type=1 insize=938 outsize=2439 kw=POINT SHADOWS_CUBE _ALPHAPREMULTIPLY_ON pd= ok=1
Cmd: compileSnippet
  api=0 type=1 insize=938 outsize=6 kw=SPOT SHADOWS_DEPTH SHADOWS_SOFT SHADOWS_NATIVE _ALPHAPREMULTIPLY_ON pd= ok=1
Cmd: compileSnippet
  api=4 type=1 insize=938 outsize=7814 kw=SPOT SHADOWS_DEPTH SHADOWS_SOFT SHADOWS_NATIVE _ALPHAPREMULTIPLY_ON pd= ok=1
Cmd: compileSnippet
  api=1 type=1 insize=938 outsize=2735 kw=POINT_COOKIE SHADOWS_CUBE SHADOWS_SOFT _ALPHAPREMULTIPLY_ON pd= ok=1
Cmd: compileSnippet
  api=0 type=0 insize=751 outsize=1893 kw=SHADOWS_DEPTH pd= ok=1
Cmd: compileSnippet
  api=1 type=0 insize=751 outsize=262 kw=SHADOWS_CUBE _ALPHAPREMULTIPLY_ON pd= ok=1
Cmd: compileSnippet
  api=0 type=1 insize=751 outsize=6 kw=SHADOWS_CUBE pd= ok=1
Cmd: compileSnippet
  api=0 type=1 insize=751 outsize=6 kw=SHADOWS_DEPTH _ALPHAPREMULTIPLY_ON pd= ok=1
Cmd: compileSnippet
  api=0 type=1 insize=751 outsize=6 kw=SHADOWS_CUBE _ALPHAPREMULTIPLY_ON pd= ok=1
Cmd: compileSnippet
  api=0 type=0 insize=1152 outsize=4215 kw=LIGHTMAP_OFF DIRLIGHTMAP_OFF DYNAMICLIGHTMAP_OFF pd= ok=1
Cmd: compileSnippet
  api=4 type=0 insize=1152 outsize=4703 kw=LIGHTMAP_OFF DIRLIGHTMAP_COMBINED DYNAMICLIGHTMAP_OFF pd= ok=1
Cmd: compileSnippet
  api=4 type=0 insize=1152 outsize=4703 kw=LIGHTMAP_OFF DIRLIGHTMAP_COMBINED DYNAMICLIGHTMAP_OFF _ALPHAPREMULTIPLY_ON pd= ok=1
Cmd: compileSnippet
  api=1 type=0 insize=1152 outsize=1073 kw=LIGHTMAP_OFF DIRLIGHTMAP_SEPARATE DYNAMICLIGHTMAP_OFF pd= ok=1
Cmd: compileSnippet
  api=1 type=0 insize=1152 outsize=1073 kw=LIGHTMAP_OFF DIRLIGHTMAP_SEPARATE DYNAMICLIGHTMAP_OFF _ALPHAPREMULTIPLY_ON pd= ok=1
Cmd: compileSnippet
  api=1 type=0 insize=1152 outsize=842 kw=LIGHTMAP_OFF DIRLIGHTMAP_OFF DYNAMICLIGHTMAP_OFF UNITY_HDR_ON pd= ok=1
Cmd: compileSnippet
  api=1 type=0 insize=1152 outsize=842 kw=LIGHTMAP_OFF DIRLIGHTMAP_OFF DYNAMICLIGHTMAP_OFF UNITY_HDR_ON _ALPHAPREMULTIPLY_ON pd= ok=1
Cmd: compileSnippet
  api=1 type=0 insize=1152 outsize=1073 kw=LIGHTMAP_OFF DIRLIGHTMAP_COMBINED DYNAMICLIGHTMAP_OFF UNITY_HDR_ON pd= ok=1
Cmd: compileSnippet
  api=1 type=0 insize=1152 outsize=1073 kw=LIGHTMAP_OFF DIRLIGHTMAP_COMBINED DYNAMICLIGHTMAP_OFF UNITY_HDR_ON _ALPHAPREMULTIPLY_ON pd= ok=1
Cmd: compileSnippet
  api=0 type=0 insize=1152 outsize=5237 kw=LIGHTMAP_OFF DIRLIGHTMAP_SEPARATE DYNAMICLIGHTMAP_OFF UNITY_HDR_ON pd= ok=1
Cmd: compileSnippet
  api=0 type=1 insize=1152 outsize=6 kw=LIGHTMAP_OFF DIRLIGHTMAP_OFF DYNAMICLIGHTMAP_OFF _ALPHAPREMULTIPLY_ON pd= ok=1
Cmd: compileSnippet
  api=4 type=1 insize=1152 outsize=2874 kw=LIGHTMAP_OFF DIRLIGHTMAP_OFF DYNAMICLIGHTMAP_OFF _ALPHAPREMULTIPLY_ON pd= ok=1
Cmd: compileSnippet
  api=1 type=1 insize=1152 outsize=712 kw=LIGHTMAP_OFF DIRLIGHTMAP_COMBINED DYNAMICLIGHTMAP_OFF _ALPHAPREMULTIPLY_ON pd= ok=1
Cmd: compileSnippet
  api=4 type=1 insize=1152 outsize=2818 kw=LIGHTMAP_OFF DIRLIGHTMAP_SEPARATE DYNAMICLIGHTMAP_OFF pd= ok=1
Cmd: compileSnippet
  api=4 type=1 insize=1152 outsize=2769 kw=LIGHTMAP_OFF DIRLIGHTMAP_OFF DYNAMICLIGHTMAP_OFF UNITY_HDR_ON pd= ok=1
Cmd: compileSnippet
  api=4 type=1 insize=1152 outsize=2769 kw=LIGHTMAP_OFF DIRLIGHTMAP_COMBINED DYNAMICLIGHTMAP_OFF UNITY_HDR_ON pd= ok=1
Cmd: compileSnippet
  api=4 type=1 insize=1152 outsize=2769 kw=LIGHTMAP_OFF DIRLIGHTMAP_SEPARATE DYNAMICLIGHTMAP_OFF UNITY_HDR_ON pd= ok=1
Cmd: compileSnippet
  api=8 type=0 insize=886 outsize=6346 kw=DIRECTIONAL SHADOWS_OFF LIGHTMAP_OFF DIRLIGHTMAP_OFF DYNAMICLIGHTMAP_OFF pd=UNITY_NO_SCREENSPACE_SHADOWS UNITY_NO_LINEAR_COLORSPACE ok=1
Cmd: compileSnippet
  api=4 type=0 insize=886 outsize=4670 kw=DIRECTIONAL SHADOWS_SCREEN LIGHTMAP_OFF DIRLIGHTMAP_OFF DYNAMICLIGHTMAP_OFF pd= ok=1
Cmd: compileSnippet
  api=4 type=0 insize=886 outsize=5726 kw=DIRECTIONAL SHADOWS_OFF LIGHTMAP_OFF DIRLIGHTMAP_OFF DYNAMICLIGHTMAP_OFF VERTEXLIGHT_ON pd= ok=1
Cmd: compileSnippet
  api=0 type=0 insize=886 outsize=6887 kw=DIRECTIONAL SHADOWS_SCREEN LIGHTMAP_OFF DIRLIGHTMAP_OFF DYNAMICLIGHTMAP_OFF VERTEXLIGHT_ON pd= ok=1
Cmd: compileSnippet
  api=1 type=0 insize=886 outsize=851 kw=DIRECTIONAL SHADOWS_OFF LIGHTMAP_OFF DIRLIGHTMAP_OFF DYNAMICLIGHTMAP_OFF _ALPHAPREMULTIPLY_ON pd= ok=1
Cmd: compileSnippet
  api=0 type=0 insize=886 outsize=5763 kw=DIRECTIONAL SHADOWS_SCREEN LIGHTMAP_OFF DIRLIGHTMAP_OFF DYNAMICLIGHTMAP_OFF _ALPHAPREMULTIPLY_ON pd= ok=1
Cmd: compileSnippet
  api=1 type=0 insize=886 outsize=1473 kw=DIRECTIONAL SHADOWS_SCREEN LIGHTMAP_OFF DIRLIGHTMAP_OFF DYNAMICLIGHTMAP_OFF VERTEXLIGHT_ON _ALPHAPREMULTIPLY_ON pd= ok=1
Cmd: compileSnippet
  api=8 type=0 insize=886 outsize=9709 kw=DIRECTIONAL SHADOWS_SCREEN SHADOWS_NATIVE LIGHTMAP_OFF DIRLIGHTMAP_OFF DYNAMICLIGHTMAP_OFF VERTEXLIGHT_ON _ALPHAPREMULTIPLY_ON pd=UNITY_NO_SCREENSPACE_SHADOWS UNITY_NO_LINEAR_COLORSPACE ok=1
Cmd: compileSnippet
  api=0 type=1 insize=886 outsize=6 kw=DIRECTIONAL SHADOWS_OFF LIGHTMAP_OFF DIRLIGHTMAP_OFF DYNAMICLIGHTMAP_OFF pd= ok=1
Cmd: compileSnippet
  api=0 type=1 insize=886 outsize=6 kw=DIRECTIONAL SHADOWS_SCREEN LIGHTMAP_OFF DIRLIGHTMAP_OFF DYNAMICLIGHTMAP_OFF pd= ok=1
Cmd: compileSnippet
  api=1 type=1 insize=886 outsize=1222 kw=DIRECTIONAL SHADOWS_SCREEN LIGHTMAP_OFF DIRLIGHTMAP_OFF DYNAMICLIGHTMAP_OFF pd= ok=1
Cmd: compileSnippet
  api=1 type=1 insize=886 outsize=1187 kw=DIRECTIONAL SHADOWS_OFF LIGHTMAP_OFF DIRLIGHTMAP_OFF DYNAMICLIGHTMAP_OFF _ALPHAPREMULTIPLY_ON pd= ok=1
Cmd: compileSnippet
  api=0 type=1 insize=886 outsize=6 kw=DIRECTIONAL SHADOWS_SCREEN LIGHTMAP_OFF DIRLIGHTMAP_OFF DYNAMICLIGHTMAP_OFF _ALPHAPREMULTIPLY_ON pd= ok=1
Cmd: compileSnippet
  api=8 type=1 insize=886 outsize=6646 kw=DIRECTIONAL SHADOWS_SCREEN SHADOWS_NATIVE LIGHTMAP_OFF DIRLIGHTMAP_OFF DYNAMICLIGHTMAP_OFF _ALPHAPREMULTIPLY_ON pd=UNITY_NO_SCREENSPACE_SHADOWS UNITY_NO_LINEAR_COLORSPACE ok=1
Cmd: compileSnippet
  api=0 type=0 insize=816 outsize=4885 kw=POINT SHADOWS_OFF pd= ok=1
Cmd: compileSnippet
  api=8 type=0 insize=816 outsize=6208 kw=DIRECTIONAL SHADOWS_OFF pd=UNITY_NO_SCREENSPACE_SHADOWS UNITY_NO_LINEAR_COLORSPACE ok=1
Cmd: compileSnippet
  api=8 type=0 insize=816 outsize=7410 kw=SPOT SHADOWS_OFF pd=UNITY_NO_SCREENSPACE_SHADOWS UNITY_NO_LINEAR_COLORSPACE ok=1
Cmd: compileSnippet
  api=8 type=0 insize=816 outsize=7410 kw=POINT_COOKIE SHADOWS_OFF pd=UNITY_NO_SCREENSPACE_SHADOWS UNITY_NO_LINEAR_COLORSPACE ok=1
Cmd: compileSnippet
  api=8 type=0 insize=816 outsize=7231 kw=DIRECTIONAL_COOKIE SHADOWS_OFF pd=UNITY_NO_SCREENSPACE_SHADOWS UNITY_NO_LINEAR_COLORSPACE ok=1
Cmd: compileSnippet
  api=4 type=0 insize=816 outsize=5515 kw=SPOT SHADOWS_DEPTH SHADOWS_NATIVE pd= ok=1
Cmd: compileSnippet
  api=1 type=0 insize=816 outsize=951 kw=DIRECTIONAL SHADOWS_SCREEN pd= ok=1
Cmd: compileSnippet
  api=1 type=0 insize=816 outsize=1007 kw=DIRECTIONAL_COOKIE SHADOWS_SCREEN pd= ok=1
Cmd: compileSnippet
  api=0 type=0 insize=816 outsize=5640 kw=POINT SHADOWS_CUBE pd= ok=1
Cmd: compileSnippet
  api=8 type=0 insize=816 outsize=7589 kw=POINT_COOKIE SHADOWS_CUBE pd=UNITY_NO_SCREENSPACE_SHADOWS UNITY_NO_LINEAR_COLORSPACE ok=1
Cmd: compileSnippet
  api=4 type=0 insize=816 outsize=5101 kw=POINT SHADOWS_OFF _ALPHAPREMULTIPLY_ON pd= ok=1
Cmd: compileSnippet
  api=1 type=0 insize=816 outsize=803 kw=DIRECTIONAL SHADOWS_OFF _ALPHAPREMULTIPLY_ON pd= ok=1
Cmd: compileSnippet
  api=0 type=0 insize=816 outsize=5157 kw=SPOT SHADOWS_OFF _ALPHAPREMULTIPLY_ON pd= ok=1
Cmd: compileSnippet
  api=4 type=0 insize=816 outsize=5101 kw=POINT_COOKIE SHADOWS_OFF _ALPHAPREMULTIPLY_ON pd= ok=1
Cmd: compileSnippet
  api=1 type=0 insize=816 outsize=859 kw=DIRECTIONAL_COOKIE SHADOWS_OFF _ALPHAPREMULTIPLY_ON pd= ok=1
Cmd: compileSnippet
  api=0 type=0 insize=816 outsize=5553 kw=SPOT SHADOWS_DEPTH SHADOWS_NATIVE _ALPHAPREMULTIPLY_ON pd= ok=1
Cmd: compileSnippet
  api=0 type=0 insize=816 outsize=5395 kw=DIRECTIONAL_COOKIE SHADOWS_SCREEN _ALPHAPREMULTIPLY_ON pd= ok=1
Cmd: compileSnippet
  api=8 type=0 insize=816 outsize=7589 kw=POINT SHADOWS_CUBE _ALPHAPREMULTIPLY_ON pd=UNITY_NO_SCREENSPACE_SHADOWS UNITY_NO_LINEAR_COLORSPACE ok=1
Cmd: compileSnippet
  api=4 type=0 insize=816 outsize=5247 kw=POINT_COOKIE SHADOWS_CUBE _ALPHAPREMULTIPLY_ON pd= ok=1
Cmd: compileSnippet
  api=8 type=0 insize=816 outsize=7824 kw=DIRECTIONAL_COOKIE SHADOWS_SCREEN SHADOWS_NATIVE _ALPHAPREMULTIPLY_ON pd=UNITY_NO_SCREENSPACE_SHADOWS UNITY_NO_LINEAR_COLORSPACE ok=1
Cmd: compileSnippet
  api=0 type=1 insize=816 outsize=6 kw=POINT SHADOWS_OFF pd= ok=1
Cmd: compileSnippet
  api=0 type=1 insize=816 outsize=6 kw=DIRECTIONAL SHADOWS_OFF pd= ok=1
Cmd: compileSnippet
  api=1 type=1 insize=816 outsize=689 kw=DIRECTIONAL SHADOWS_OFF pd= ok=1
Cmd: compileSnippet
  api=1 type=1 insize=816 outsize=941 kw=SPOT SHADOWS_OFF pd= ok=1
Cmd: compileSnippet
  api=1 type=1 insize=816 outsize=857 kw=POINT_COOKIE SHADOWS_OFF pd= ok=1
Cmd: compileSnippet
  api=4 type=1 insize=816 outsize=2842 kw=DIRECTIONAL_COOKIE SHADOWS_OFF pd= ok=1
Cmd: compileSnippet
  api=8 type=1 insize=816 outsize=5891 kw=SPOT SHADOWS_DEPTH SHADOWS_NATIVE pd=UNITY_NO_SCREENSPACE_SHADOWS UNITY_NO_LINEAR_COLORSPACE ok=1
Cmd: compileSnippet
  api=4 type=1 insize=816 outsize=3159 kw=DIRECTIONAL_COOKIE SHADOWS_SCREEN pd= ok=1
Cmd: compileSnippet
  api=0 type=1 insize=816 outsize=6 kw=POINT_COOKIE SHADOWS_CUBE pd= ok=1
Cmd: compileSnippet
  api=1 type=1 insize=816 outsize=1049 kw=POINT_COOKIE SHADOWS_CUBE pd= ok=1
Cmd: compileSnippet
  api=8 type=1 insize=816 outsize=4989 kw=DIRECTIONAL_COOKIE SHADOWS_SCREEN SHADOWS_NATIVE pd=UNITY_NO_SCREENSPACE_SHADOWS UNITY_NO_LINEAR_COLORSPACE ok=1
Cmd: compileSnippet
  api=0 type=1 insize=816 outsize=6 kw=DIRECTIONAL SHADOWS_OFF _ALPHAPREMULTIPLY_ON pd= ok=1
Cmd: compileSnippet
  api=8 type=1 insize=816 outsize=3989 kw=DIRECTIONAL SHADOWS_OFF _ALPHAPREMULTIPLY_ON pd=UNITY_NO_SCREENSPACE_SHADOWS UNITY_NO_LINEAR_COLORSPACE ok=1
Cmd: compileSnippet
  api=0 type=1 insize=816 outsize=6 kw=POINT_COOKIE SHADOWS_OFF _ALPHAPREMULTIPLY_ON pd= ok=1
Cmd: compileSnippet
  api=1 type=1 insize=816 outsize=887 kw=POINT_COOKIE SHADOWS_OFF _ALPHAPREMULTIPLY_ON pd= ok=1
Cmd: compileSnippet
  api=4 type=1 insize=816 outsize=2899 kw=DIRECTIONAL_COOKIE SHADOWS_OFF _ALPHAPREMULTIPLY_ON pd= ok=1
Cmd: compileSnippet
  api=8 type=1 insize=816 outsize=5988 kw=SPOT SHADOWS_DEPTH SHADOWS_NATIVE _ALPHAPREMULTIPLY_ON pd=UNITY_NO_SCREENSPACE_SHADOWS UNITY_NO_LINEAR_COLORSPACE ok=1
Cmd: compileSnippet
  api=1 type=1 insize=816 outsize=860 kw=DIRECTIONAL_COOKIE SHADOWS_SCREEN _ALPHAPREMULTIPLY_ON pd= ok=1
Cmd: compileSnippet
  api=8 type=1 insize=816 outsize=5533 kw=POINT SHADOWS_CUBE _ALPHAPREMULTIPLY_ON pd=UNITY_NO_SCREENSPACE_SHADOWS UNITY_NO_LINEAR_COLORSPACE ok=1
Cmd: compileSnippet
  api=8 type=1 insize=816 outsize=4704 kw=DIRECTIONAL SHADOWS_SCREEN SHADOWS_NATIVE _ALPHAPREMULTIPLY_ON pd=UNITY_NO_SCREENSPACE_SHADOWS UNITY_NO_LINEAR_COLORSPACE ok=1
Cmd: compileSnippet
  api=8 type=0 insize=600 outsize=5395 kw=SHADOWS_DEPTH pd=UNITY_NO_SCREENSPACE_SHADOWS UNITY_NO_LINEAR_COLORSPACE ok=1
Cmd: compileSnippet
  api=4 type=0 insize=600 outsize=1420 kw=SHADOWS_CUBE pd= ok=1
Cmd: compileSnippet
  api=0 type=0 insize=600 outsize=2249 kw=SHADOWS_DEPTH _ALPHAPREMULTIPLY_ON pd= ok=1
Cmd: compileSnippet
  api=8 type=0 insize=600 outsize=2364 kw=SHADOWS_CUBE _ALPHAPREMULTIPLY_ON pd=UNITY_NO_SCREENSPACE_SHADOWS UNITY_NO_LINEAR_COLORSPACE ok=1
Cmd: compileSnippet
  api=0 type=1 insize=600 outsize=6 kw=SHADOWS_DEPTH pd= ok=1
Cmd: compileSnippet
  api=0 type=1 insize=600 outsize=6 kw=SHADOWS_CUBE pd= ok=1
Cmd: compileSnippet
  api=1 type=1 insize=600 outsize=103 kw=SHADOWS_CUBE pd= ok=1
Cmd: compileSnippet
  api=4 type=1 insize=600 outsize=835 kw=SHADOWS_DEPTH _ALPHAPREMULTIPLY_ON pd= ok=1
Cmd: compileSnippet
  api=8 type=1 insize=600 outsize=1544 kw=SHADOWS_CUBE _ALPHAPREMULTIPLY_ON pd=UNITY_NO_SCREENSPACE_SHADOWS UNITY_NO_LINEAR_COLORSPACE ok=1
Cmd: compileSnippet
  api=0 type=0 insize=13030 outsize=5705 kw=_SUNDISK_NONE pd= ok=1
Cmd: compileSnippet
  api=8 type=0 insize=13030 outsize=18029 kw=_SUNDISK_SIMPLE pd=UNITY_NO_SCREENSPACE_SHADOWS UNITY_NO_LINEAR_COLORSPACE ok=1
Cmd: compileSnippet
  api=8 type=0 insize=13030 outsize=18029 kw=_SUNDISK_HIGH_QUALITY pd=UNITY_NO_SCREENSPACE_SHADOWS UNITY_NO_LINEAR_COLORSPACE ok=1
Cmd: compileSnippet
  api=8 type=0 insize=13030 outsize=17038 kw=UNITY_COLORSPACE_GAMMA _SUNDISK_NONE pd=UNITY_NO_SCREENSPACE_SHADOWS UNITY_NO_LINEAR_COLORSPACE ok=1
Cmd: compileSnippet
  api=8 type=0 insize=13030 outsize=17314 kw=UNITY_COLORSPACE_GAMMA _SUNDISK_SIMPLE pd=UNITY_NO_SCREENSPACE_SHADOWS UNITY_NO_LINEAR_COLORSPACE ok=1
Cmd: compileSnippet
  api=8 type=0 insize=13030 outsize=17314 kw=UNITY_COLORSPACE_GAMMA _SUNDISK_HIGH_QUALITY pd=UNITY_NO_SCREENSPACE_SHADOWS UNITY_NO_LINEAR_COLORSPACE ok=1
Cmd: compileSnippet
  api=0 type=1 insize=13030 outsize=6 kw=_SUNDISK_NONE pd= ok=1
Cmd: compileSnippet
  api=0 type=1 insize=13030 outsize=6 kw=_SUNDISK_SIMPLE pd= ok=1
Cmd: compileSnippet
  api=1 type=1 insize=13030 outsize=564 kw=_SUNDISK_SIMPLE pd= ok=1
Cmd: compileSnippet
  api=1 type=1 insize=13030 outsize=727 kw=_SUNDISK_HIGH_QUALITY pd= ok=1
Cmd: compileSnippet
  api=0 type=1 insize=13030 outsize=6 kw=UNITY_COLORSPACE_GAMMA _SUNDISK_NONE pd= ok=1
Cmd: compileSnippet
  api=8 type=1 insize=13030 outsize=1446 kw=UNITY_COLORSPACE_GAMMA _SUNDISK_NONE pd=UNITY_NO_SCREENSPACE_SHADOWS UNITY_NO_LINEAR_COLORSPACE ok=1
Cmd: compileSnippet
  api=1 type=1 insize=13030 outsize=835 kw=UNITY_COLORSPACE_GAMMA _SUNDISK_HIGH_QUALITY pd= ok=1
Cmd: compileSnippet
  api=1 type=0 insize=1705 outsize=169 kw=SOFTPARTICLES_OFF pd= ok=1
Cmd: compileSnippet
  api=1 type=0 insize=1705 outsize=335 kw=SOFTPARTICLES_ON pd= ok=1
Cmd: compileSnippet
  api=0 type=1 insize=1705 outsize=6 kw=SOFTPARTICLES_OFF pd= ok=1
Cmd: compileSnippet
  api=1 type=1 insize=1705 outsize=349 kw=SOFTPARTICLES_ON pd= ok=1
Cmd: compileSnippet
  api=0 type=0 insize=990 outsize=463 kw= pd= ok=1
Cmd: compileSnippet
  api=0 type=1 insize=990 outsize=6 kw= pd= ok=1
Cmd: compileSnippet
  api=0 type=0 insize=4597 outsize=2600 kw= pd= ok=1
Cmd: compileSnippet
  api=1 type=0 insize=4597 outsize=1310 kw=POINT pd= ok=1
Cmd: compileSnippet
  api=4 type=0 insize=4597 outsize=5198 kw=SPOT pd= ok=1
Cmd: compileSnippet
  api=0 type=1 insize=4597 outsize=6 kw= pd= ok=1
Cmd: compileSnippet
  api=0 type=1 insize=4597 outsize=6 kw=POINT pd= ok=1
Cmd: compileSnippet
  api=0 type=1 insize=4597 outsize=6 kw=SPOT pd= ok=1
Cmd: compileSnippet
  api=4 type=0 insize=1807 outsize=1485 kw= pd= ok=1
Cmd: compileSnippet
  api=0 type=1 insize=1807 outsize=6 kw= pd= ok=1
Cmd: compileSnippet
  api=0 type=0 insize=2082 outsize=1199 kw= pd= ok=1
Cmd: compileSnippet
  api=0 type=1 insize=2082 outsize=6 kw= pd= ok=1
Cmd: compileSnippet
  api=0 type=0 insize=541 outsize=1893 kw=SHADOWS_DEPTH pd= ok=1
Cmd: compileSnippet
  api=4 type=0 insize=541 outsize=1420 kw=SHADOWS_CUBE pd= ok=1
Cmd: compileSnippet
  api=0 type=1 insize=541 outsize=6 kw=SHADOWS_DEPTH pd= ok=1
Cmd: compileSnippet
  api=0 type=1 insize=541 outsize=6 kw=SHADOWS_CUBE pd= ok=1
Cmd: compileSnippet
  api=8 type=0 insize=6895 outsize=5233 kw=DIRECTIONAL SHADOWS_OFF LIGHTMAP_OFF DIRLIGHTMAP_OFF DYNAMICLIGHTMAP_OFF pd=UNITY_NO_SCREENSPACE_SHADOWS UNITY_NO_LINEAR_COLORSPACE ok=1
Cmd: compileSnippet
  api=1 type=0 insize=6895 outsize=708 kw=DIRECTIONAL SHADOWS_SCREEN LIGHTMAP_OFF DIRLIGHTMAP_OFF DYNAMICLIGHTMAP_OFF pd= ok=1
Cmd: compileSnippet
  api=1 type=0 insize=6895 outsize=1087 kw=DIRECTIONAL SHADOWS_OFF LIGHTMAP_OFF DIRLIGHTMAP_OFF DYNAMICLIGHTMAP_OFF VERTEXLIGHT_ON pd= ok=1
Cmd: compileSnippet
  api=0 type=0 insize=6895 outsize=4012 kw=DIRECTIONAL SHADOWS_SCREEN LIGHTMAP_OFF DIRLIGHTMAP_OFF DYNAMICLIGHTMAP_OFF VERTEXLIGHT_ON pd= ok=1
Cmd: compileSnippet
  api=0 type=1 insize=6895 outsize=6 kw=DIRECTIONAL SHADOWS_OFF LIGHTMAP_OFF DIRLIGHTMAP_OFF DYNAMICLIGHTMAP_OFF pd= ok=1
Cmd: compileSnippet
  api=0 type=1 insize=6895 outsize=6 kw=DIRECTIONAL SHADOWS_SCREEN LIGHTMAP_OFF DIRLIGHTMAP_OFF DYNAMICLIGHTMAP_OFF pd= ok=1
Cmd: compileSnippet
  api=1 type=1 insize=6895 outsize=328 kw=DIRECTIONAL SHADOWS_SCREEN LIGHTMAP_OFF DIRLIGHTMAP_OFF DYNAMICLIGHTMAP_OFF pd= ok=1
Cmd: compileSnippet
  api=0 type=0 insize=3666 outsize=1820 kw=POINT pd= ok=1
Cmd: compileSnippet
  api=8 type=0 insize=3666 outsize=3892 kw=DIRECTIONAL pd=UNITY_NO_SCREENSPACE_SHADOWS UNITY_NO_LINEAR_COLORSPACE ok=1
Cmd: compileSnippet
  api=4 type=0 insize=3666 outsize=2753 kw=SPOT pd= ok=1
Cmd: compileSnippet
  api=1 type=0 insize=3666 outsize=339 kw=POINT_COOKIE pd= ok=1
Cmd: compileSnippet
  api=1 type=0 insize=3666 outsize=339 kw=DIRECTIONAL_COOKIE pd= ok=1
Cmd: compileSnippet
  api=0 type=1 insize=3666 outsize=6 kw=POINT pd= ok=1
Cmd: compileSnippet
  api=0 type=1 insize=3666 outsize=6 kw=DIRECTIONAL pd= ok=1
Cmd: compileSnippet
  api=1 type=1 insize=3666 outsize=223 kw=DIRECTIONAL pd= ok=1
Cmd: compileSnippet
  api=1 type=1 insize=3666 outsize=585 kw=SPOT pd= ok=1
Cmd: compileSnippet
  api=1 type=1 insize=3666 outsize=478 kw=POINT_COOKIE pd= ok=1
Cmd: compileSnippet
  api=4 type=1 insize=3666 outsize=1672 kw=DIRECTIONAL_COOKIE pd= ok=1
Cmd: compileSnippet
  api=0 type=0 insize=2873 outsize=978 kw= pd= ok=1
Cmd: compileSnippet
  api=0 type=1 insize=2873 outsize=6 kw= pd= ok=1
Cmd: compileSnippet
  api=0 type=0 insize=5933 outsize=2688 kw=LIGHTMAP_OFF DIRLIGHTMAP_OFF DYNAMICLIGHTMAP_OFF HDR_LIGHT_PREPASS_OFF pd= ok=1
Cmd: compileSnippet
  api=8 type=0 insize=5933 outsize=5826 kw=LIGHTMAP_OFF DIRLIGHTMAP_OFF DYNAMICLIGHTMAP_OFF UNITY_HDR_ON pd=UNITY_NO_SCREENSPACE_SHADOWS UNITY_NO_LINEAR_COLORSPACE ok=1
Cmd: compileSnippet
  api=0 type=1 insize=5933 outsize=6 kw=LIGHTMAP_OFF DIRLIGHTMAP_OFF DYNAMICLIGHTMAP_OFF HDR_LIGHT_PREPASS_OFF pd= ok=1
Cmd: compileSnippet
  api=0 type=1 insize=5933 outsize=6 kw=LIGHTMAP_OFF DIRLIGHTMAP_OFF DYNAMICLIGHTMAP_OFF UNITY_HDR_ON pd= ok=1
Cmd: compileSnippet
  api=1 type=1 insize=5933 outsize=212 kw=LIGHTMAP_OFF DIRLIGHTMAP_OFF DYNAMICLIGHTMAP_OFF UNITY_HDR_ON pd= ok=1
Cmd: compileSnippet
  api=0 type=0 insize=5997 outsize=2645 kw=LIGHTMAP_OFF DIRLIGHTMAP_OFF DYNAMICLIGHTMAP_OFF HDR_LIGHT_PREPASS_OFF pd= ok=1
Cmd: compileSnippet
  api=8 type=0 insize=5997 outsize=5395 kw=LIGHTMAP_OFF DIRLIGHTMAP_OFF DYNAMICLIGHTMAP_OFF UNITY_HDR_ON pd=UNITY_NO_SCREENSPACE_SHADOWS UNITY_NO_LINEAR_COLORSPACE ok=1
Cmd: compileSnippet
  api=8 type=1 insize=5997 outsize=2356 kw=LIGHTMAP_OFF DIRLIGHTMAP_OFF DYNAMICLIGHTMAP_OFF HDR_LIGHT_PREPASS_OFF pd=UNITY_NO_SCREENSPACE_SHADOWS UNITY_NO_LINEAR_COLORSPACE ok=1
Cmd: compileSnippet
  api=0 type=0 insize=1275 outsize=2781 kw=POINT SHADOWS_OFF pd= ok=1
Cmd: compileSnippet
  api=1 type=0 insize=1275 outsize=441 kw=SPOT SHADOWS_OFF pd= ok=1
Cmd: compileSnippet
  api=4 type=0 insize=1275 outsize=1956 kw=POINT_COOKIE SHADOWS_OFF pd= ok=1
Cmd: compileSnippet
  api=0 type=0 insize=1275 outsize=3543 kw=SPOT SHADOWS_DEPTH SHADOWS_NATIVE pd= ok=1
Cmd: compileSnippet
  api=4 type=0 insize=1275 outsize=1956 kw=DIRECTIONAL SHADOWS_SCREEN pd= ok=1
Cmd: compileSnippet
  api=0 type=0 insize=1275 outsize=3266 kw=POINT SHADOWS_CUBE pd= ok=1
Cmd: compileSnippet
  api=4 type=0 insize=1275 outsize=1956 kw=POINT_COOKIE SHADOWS_CUBE pd= ok=1
Cmd: compileSnippet
  api=0 type=0 insize=1275 outsize=4193 kw=POINT SHADOWS_CUBE SHADOWS_SOFT pd= ok=1
Cmd: compileSnippet
  api=4 type=0 insize=1275 outsize=1956 kw=POINT_COOKIE SHADOWS_CUBE SHADOWS_SOFT pd= ok=1
Cmd: compileSnippet
  api=0 type=1 insize=1275 outsize=6 kw=POINT SHADOWS_OFF pd= ok=1
Cmd: compileSnippet
  api=1 type=1 insize=1275 outsize=1230 kw=DIRECTIONAL SHADOWS_OFF pd= ok=1
Cmd: compileSnippet
  api=4 type=1 insize=1275 outsize=5206 kw=SPOT SHADOWS_OFF pd= ok=1
Cmd: compileSnippet
  api=1 type=1 insize=1275 outsize=1402 kw=DIRECTIONAL_COOKIE SHADOWS_OFF pd= ok=1
Cmd: compileSnippet
  api=4 type=1 insize=1275 outsize=6059 kw=SPOT SHADOWS_DEPTH SHADOWS_NATIVE pd= ok=1
Cmd: compileSnippet
  api=0 type=1 insize=1275 outsize=6 kw=DIRECTIONAL_COOKIE SHADOWS_SCREEN pd= ok=1
Cmd: compileSnippet
  api=4 type=1 insize=1275 outsize=4865 kw=DIRECTIONAL_COOKIE SHADOWS_SCREEN pd= ok=1
Cmd: compileSnippet
  api=0 type=1 insize=1275 outsize=6 kw=POINT_COOKIE SHADOWS_CUBE pd= ok=1
Cmd: compileSnippet
  api=0 type=1 insize=1275 outsize=6 kw=SPOT SHADOWS_DEPTH SHADOWS_SOFT SHADOWS_NATIVE pd= ok=1
Cmd: compileSnippet
  api=0 type=1 insize=1275 outsize=6 kw=POINT SHADOWS_CUBE SHADOWS_SOFT pd= ok=1
Cmd: compileSnippet
  api=0 type=1 insize=1275 outsize=6 kw=POINT_COOKIE SHADOWS_CUBE SHADOWS_SOFT pd= ok=1
Cmd: compileSnippet
  api=0 type=0 insize=1268 outsize=2772 kw=POINT SHADOWS_OFF pd= ok=1
Cmd: compileSnippet
  api=0 type=0 insize=1268 outsize=3054 kw=SPOT SHADOWS_OFF pd= ok=1
Cmd: compileSnippet
  api=0 type=0 insize=1268 outsize=2776 kw=DIRECTIONAL_COOKIE SHADOWS_OFF pd= ok=1
Cmd: compileSnippet
  api=1 type=0 insize=1268 outsize=441 kw=SPOT SHADOWS_DEPTH SHADOWS_NATIVE pd= ok=1
Cmd: compileSnippet
  api=1 type=0 insize=1268 outsize=441 kw=DIRECTIONAL SHADOWS_SCREEN pd= ok=1
Cmd: compileSnippet
  api=1 type=0 insize=1268 outsize=441 kw=DIRECTIONAL_COOKIE SHADOWS_SCREEN pd= ok=1
Cmd: compileSnippet
  api=4 type=0 insize=1268 outsize=1956 kw=POINT SHADOWS_CUBE pd= ok=1
Cmd: compileSnippet
  api=0 type=0 insize=1268 outsize=4069 kw=SPOT SHADOWS_DEPTH SHADOWS_SOFT SHADOWS_NATIVE pd= ok=1
Cmd: compileSnippet
  api=1 type=0 insize=1268 outsize=441 kw=POINT SHADOWS_CUBE SHADOWS_SOFT pd= ok=1
Cmd: compileSnippet
  api=1 type=0 insize=1268 outsize=441 kw=POINT_COOKIE SHADOWS_CUBE SHADOWS_SOFT pd= ok=1
Cmd: compileSnippet
  api=0 type=1 insize=1268 outsize=6 kw=POINT SHADOWS_OFF pd= ok=1
Cmd: compileSnippet
  api=1 type=1 insize=1268 outsize=1151 kw=DIRECTIONAL SHADOWS_OFF pd= ok=1
Cmd: compileSnippet
  api=4 type=1 insize=1268 outsize=5158 kw=SPOT SHADOWS_OFF pd= ok=1
Cmd: compileSnippet
  api=1 type=1 insize=1268 outsize=1323 kw=DIRECTIONAL_COOKIE SHADOWS_OFF pd= ok=1
Cmd: compileSnippet
  api=4 type=1 insize=1268 outsize=6011 kw=SPOT SHADOWS_DEPTH SHADOWS_NATIVE pd= ok=1
Cmd: compileSnippet
  api=4 type=1 insize=1268 outsize=4816 kw=DIRECTIONAL_COOKIE SHADOWS_SCREEN pd= ok=1
Cmd: compileSnippet
  api=1 type=1 insize=1268 outsize=1655 kw=POINT_COOKIE SHADOWS_CUBE pd= ok=1
Cmd: compileSnippet
  api=4 type=1 insize=1268 outsize=6620 kw=SPOT SHADOWS_DEPTH SHADOWS_SOFT SHADOWS_NATIVE pd= ok=1
Cmd: compileSnippet
  api=1 type=1 insize=1268 outsize=1938 kw=POINT_COOKIE SHADOWS_CUBE SHADOWS_SOFT pd= ok=1
Cmd: compileSnippet
  api=0 type=0 insize=1273 outsize=2777 kw=POINT SHADOWS_OFF pd= ok=1
Cmd: compileSnippet
  api=1 type=0 insize=1273 outsize=441 kw=SPOT SHADOWS_OFF pd= ok=1
Cmd: compileSnippet
  api=1 type=0 insize=1273 outsize=441 kw=POINT_COOKIE SHADOWS_OFF pd= ok=1
Cmd: compileSnippet
  api=1 type=0 insize=1273 outsize=441 kw=DIRECTIONAL_COOKIE SHADOWS_OFF pd= ok=1
Cmd: compileSnippet
  api=4 type=0 insize=1273 outsize=1956 kw=SPOT SHADOWS_DEPTH SHADOWS_NATIVE pd= ok=1
Cmd: compileSnippet
  api=0 type=0 insize=1273 outsize=3060 kw=DIRECTIONAL_COOKIE SHADOWS_SCREEN pd= ok=1
Cmd: compileSnippet
  api=1 type=0 insize=1273 outsize=441 kw=POINT SHADOWS_CUBE pd= ok=1
Cmd: compileSnippet
  api=1 type=0 insize=1273 outsize=441 kw=POINT_COOKIE SHADOWS_CUBE pd= ok=1
Cmd: compileSnippet
  api=4 type=0 insize=1273 outsize=1956 kw=SPOT SHADOWS_DEPTH SHADOWS_SOFT SHADOWS_NATIVE pd= ok=1
Cmd: compileSnippet
  api=0 type=0 insize=1273 outsize=4409 kw=POINT_COOKIE SHADOWS_CUBE SHADOWS_SOFT pd= ok=1
Cmd: compileSnippet
  api=0 type=1 insize=1273 outsize=6 kw=DIRECTIONAL SHADOWS_OFF pd= ok=1
Cmd: compileSnippet
  api=4 type=1 insize=1273 outsize=3906 kw=DIRECTIONAL SHADOWS_OFF pd= ok=1
Cmd: compileSnippet
  api=1 type=1 insize=1273 outsize=1481 kw=POINT_COOKIE SHADOWS_OFF pd= ok=1
Cmd: compileSnippet
  api=4 type=1 insize=1273 outsize=4483 kw=DIRECTIONAL_COOKIE SHADOWS_OFF pd= ok=1
Cmd: compileSnippet
  api=1 type=1 insize=1273 outsize=1255 kw=DIRECTIONAL SHADOWS_SCREEN pd= ok=1
Cmd: compileSnippet
  api=4 type=1 insize=1273 outsize=4816 kw=DIRECTIONAL_COOKIE SHADOWS_SCREEN pd= ok=1
Cmd: compileSnippet
  api=1 type=1 insize=1273 outsize=1660 kw=POINT_COOKIE SHADOWS_CUBE pd= ok=1
Cmd: compileSnippet
  api=4 type=1 insize=1273 outsize=6620 kw=SPOT SHADOWS_DEPTH SHADOWS_SOFT SHADOWS_NATIVE pd= ok=1
Cmd: compileSnippet
  api=1 type=1 insize=1273 outsize=1943 kw=POINT_COOKIE SHADOWS_CUBE SHADOWS_SOFT pd= ok=1
Cmd: compileSnippet
  api=0 type=0 insize=1934 outsize=3591 kw=DIRECTIONAL SHADOWS_OFF pd= ok=1
Cmd: compileSnippet
  api=0 type=0 insize=1934 outsize=4060 kw=POINT_COOKIE SHADOWS_OFF pd= ok=1
Cmd: compileSnippet
  api=0 type=0 insize=1934 outsize=4844 kw=SPOT SHADOWS_DEPTH SHADOWS_NATIVE pd= ok=1
Cmd: compileSnippet
  api=0 type=0 insize=1934 outsize=4364 kw=DIRECTIONAL_COOKIE SHADOWS_SCREEN pd= ok=1
Cmd: compileSnippet
  api=0 type=0 insize=1934 outsize=4578 kw=POINT_COOKIE SHADOWS_CUBE pd= ok=1
Cmd: compileSnippet
  api=4 type=0 insize=1934 outsize=1956 kw=SPOT SHADOWS_DEPTH SHADOWS_SOFT SHADOWS_NATIVE pd= ok=1
Cmd: compileSnippet
  api=4 type=0 insize=1934 outsize=1956 kw=POINT SHADOWS_CUBE SHADOWS_SOFT pd= ok=1
Cmd: compileSnippet
  api=4 type=0 insize=1934 outsize=1956 kw=POINT_COOKIE SHADOWS_CUBE SHADOWS_SOFT pd= ok=1
Cmd: compileSnippet
  api=4 type=0 insize=1934 outsize=1956 kw=POINT SHADOWS_OFF UNITY_HDR_ON pd= ok=1
Cmd: compileSnippet
  api=0 type=0 insize=1934 outsize=4175 kw=SPOT SHADOWS_OFF UNITY_HDR_ON pd= ok=1
Cmd: compileSnippet
  api=0 type=0 insize=1934 outsize=3851 kw=DIRECTIONAL_COOKIE SHADOWS_OFF UNITY_HDR_ON pd= ok=1
Cmd: compileSnippet
  api=0 type=0 insize=1934 outsize=4095 kw=DIRECTIONAL SHADOWS_SCREEN UNITY_HDR_ON pd= ok=1
Cmd: compileSnippet
  api=1 type=0 insize=1934 outsize=441 kw=POINT SHADOWS_CUBE UNITY_HDR_ON pd= ok=1
Cmd: compileSnippet
  api=1 type=0 insize=1934 outsize=441 kw=POINT_COOKIE SHADOWS_CUBE UNITY_HDR_ON pd= ok=1
Cmd: compileSnippet
  api=0 type=0 insize=1934 outsize=5370 kw=SPOT SHADOWS_DEPTH SHADOWS_SOFT SHADOWS_NATIVE UNITY_HDR_ON pd= ok=1
Cmd: compileSnippet
  api=0 type=0 insize=1934 outsize=5490 kw=POINT_COOKIE SHADOWS_CUBE SHADOWS_SOFT UNITY_HDR_ON pd= ok=1
Cmd: compileSnippet
  api=0 type=1 insize=1934 outsize=6 kw=POINT SHADOWS_OFF pd= ok=1
Cmd: compileSnippet
  api=1 type=1 insize=1934 outsize=2201 kw=DIRECTIONAL SHADOWS_OFF pd= ok=1
Cmd: compileSnippet
  api=4 type=1 insize=1934 outsize=7319 kw=SPOT SHADOWS_OFF pd= ok=1
Cmd: compileSnippet
  api=0 type=1 insize=1934 outsize=6 kw=DIRECTIONAL_COOKIE SHADOWS_OFF pd= ok=1
Cmd: compileSnippet
  api=1 type=1 insize=1934 outsize=2865 kw=SPOT SHADOWS_DEPTH SHADOWS_NATIVE pd= ok=1
Cmd: compileSnippet
  api=4 type=1 insize=1934 outsize=6848 kw=DIRECTIONAL SHADOWS_SCREEN pd= ok=1
Cmd: compileSnippet
  api=0 type=1 insize=1934 outsize=6 kw=POINT_COOKIE SHADOWS_CUBE pd= ok=1
Cmd: compileSnippet
  api=4 type=1 insize=1934 outsize=7636 kw=POINT_COOKIE SHADOWS_CUBE pd= ok=1
Cmd: compileSnippet
  api=1 type=1 insize=1934 outsize=2765 kw=POINT SHADOWS_CUBE SHADOWS_SOFT pd= ok=1
Cmd: compileSnippet
  api=1 type=1 insize=1934 outsize=2871 kw=POINT_COOKIE SHADOWS_CUBE SHADOWS_SOFT pd= ok=1
Cmd: compileSnippet
  api=1 type=1 insize=1934 outsize=2139 kw=DIRECTIONAL SHADOWS_OFF UNITY_HDR_ON pd= ok=1
Cmd: compileSnippet
  api=0 type=1 insize=1934 outsize=6 kw=POINT_COOKIE SHADOWS_OFF UNITY_HDR_ON pd= ok=1
Cmd: compileSnippet
  api=4 type=1 insize=1934 outsize=7067 kw=POINT_COOKIE SHADOWS_OFF UNITY_HDR_ON pd= ok=1
Cmd: compileSnippet
  api=4 type=1 insize=1934 outsize=8489 kw=SPOT SHADOWS_DEPTH SHADOWS_NATIVE UNITY_HDR_ON pd= ok=1
Cmd: compileSnippet
  api=4 type=1 insize=1934 outsize=7254 kw=DIRECTIONAL_COOKIE SHADOWS_SCREEN UNITY_HDR_ON pd= ok=1
Cmd: compileSnippet
  api=1 type=1 insize=1934 outsize=2593 kw=POINT_COOKIE SHADOWS_CUBE UNITY_HDR_ON pd= ok=1
Cmd: compileSnippet
  api=0 type=1 insize=1934 outsize=6 kw=POINT SHADOWS_CUBE SHADOWS_SOFT UNITY_HDR_ON pd= ok=1
Cmd: compileSnippet
  api=4 type=1 insize=1934 outsize=7839 kw=POINT SHADOWS_CUBE SHADOWS_SOFT UNITY_HDR_ON pd= ok=1
Cmd: compileSnippet
  api=0 type=1 insize=683 outsize=6 kw= pd= ok=1
Cmd: compileSnippet
  api=0 type=0 insize=823 outsize=659 kw= pd= ok=1
Cmd: compileSnippet
  api=0 type=1 insize=823 outsize=6 kw= pd= ok=1
Cmd: compileSnippet
  api=1 type=1 insize=823 outsize=58 kw=UNITY_HDR_ON pd= ok=1
Cmd: compileSnippet
  api=8 type=0 insize=1420 outsize=1934 kw= pd=UNITY_NO_SCREENSPACE_SHADOWS UNITY_NO_LINEAR_COLORSPACE ok=1
Cmd: compileSnippet
  api=0 type=1 insize=1420 outsize=6 kw= pd= ok=1
Cmd: compileSnippet
  api=0 type=0 insize=6638 outsize=15621 kw= pd= ok=1
Cmd: compileSnippet
  api=0 type=1 insize=6638 outsize=6 kw= pd= ok=1
Cmd: compileSnippet
  api=0 type=0 insize=6638 outsize=378 kw= pd= ok=1
Cmd: compileSnippet
  api=0 type=1 insize=6638 outsize=6 kw= pd= ok=1
Cmd: compileSnippet
  api=0 type=0 insize=701 outsize=427 kw= pd= ok=1
Cmd: compileSnippet
  api=0 type=1 insize=701 outsize=6 kw= pd= ok=1
Cmd: compileSnippet
  api=0 type=0 insize=701 outsize=378 kw= pd= ok=1
Cmd: compileSnippet
  api=0 type=1 insize=701 outsize=6 kw= pd= ok=1
Cmd: compileSnippet
  api=0 type=1 insize=1032 outsize=6 kw= pd= ok=1
Cmd: compileSnippet
  api=0 type=0 insize=1032 outsize=801 kw= pd= ok=1
Cmd: compileSnippet
  api=0 type=1 insize=1032 outsize=6 kw= pd= ok=1
